
FOUND2
3
0 
30 30 30 
FOUND!!!
FOUND2
3
0 1 
20 30 30 
FOUND!!!
FOUND2
3
0 2 
20 20 30 
FOUND!!!

FOUND1
3
0 2 
20 20 30 
FOUND!!!
FOUND2
3
0 1 
20 30 30 
FOUND!!!
FOUND2
3
0 1 
10 30 30 
FOUND!!!
FOUND2
3
0 1 2 
10 20 30 
FOUND!!!
FOUND1
----EDO
3
0 1 2 
10 20 30 
FOUND!!!
FOUND2
3
0 2 
20 20 30 
FOUND!!!
FOUND2
3
0 2 1 
10 20 30 
FOUND!!!
FOUND3
4
0 2 
20 20 40 
FOUND!!!
FOUND3
4
0 2 1 
10 20 40 
FOUND!!!
FOUND2
4
0 2 
20 20 40 
FOUND!!!
FOUND1
3
0 2 
20 20 30 
FOUND!!!
FOUND0
3
0 2 
20 20 30 
FOUND!!!
3  VGEEE
