
FOUND2
3
0 
30 30 30 
FOUND!!!
AAA
FOUND2
3
0 1 
20 30 30 
FOUND!!!
CCC
FOUND2
3
0 2 
20 20 30 
FOUND!!!
CCC
FOUND1
3
0 2 
20 20 30 
FOUND!!!
AAA
FOUND2
3
0 1 
20 30 30 
FOUND!!!
AAA
FOUND2
3
0 1 
10 30 30 
FOUND!!!
CCC
FOUND2
3
0 1 2 
10 20 30 
FOUND!!!
CCC
FOUND1
3
0 1 2 
10 20 30 
FOUND!!!
CCC
FOUND2
3
0 2 
20 20 30 
FOUND!!!
AAA
FOUND2
3
0 2 1 
10 20 30 
FOUND!!!
CCC
FOUND3
4
0 2 
20 20 40 
FOUND!!!
AAA
FOUND3
4
0 2 1 
10 20 40 
FOUND!!!
CCC
FOUND2
4
0 2 
20 20 40 
FOUND!!!
FOUND1
3
0 2 
20 20 30 
FOUND!!!
CCC
FOUND0
3
0 2 
20 20 30 
FOUND!!!
AAA
FOUND2
3
1 0 0 
20 30 30 
FOUND!!!
AAA
FOUND2
3
1 0 1 
10 30 30 
FOUND!!!
CCC
FOUND2
3
1 0 
10 20 30 
FOUND!!!
CCC
FOUND1
3
1 0 1 
10 30 30 
FOUND!!!
AAA
FOUND2
3
1 1 0 
10 30 30 
FOUND!!!
AAA
FOUND3
4
1 1 0 
10 40 40 
FOUND!!!
AAA
FOUND2
4
1 1 0 
10 40 40 
FOUND!!!
FOUND3
4
1 1 2 0 
10 30 40 
FOUND!!!
AAA
FOUND2
4
1 1 2 0 
10 30 40 
FOUND!!!
FOUND1
3
1 1 0 
10 30 30 
FOUND!!!
CCC
FOUND2
3
1 0 
10 20 30 
FOUND!!!
AAA
FOUND3
4
1 1 0 
10 30 40 
FOUND!!!
AAA
FOUND2
4
1 1 0 
10 30 40 
FOUND!!!
FOUND3
4
1 2 0 
10 20 40 
FOUND!!!
AAA
FOUND4
5
1 2 1 0 
10 30 50 
FOUND!!!
AAA
FOUND3
5
1 2 1 0 
10 30 50 
FOUND!!!
FOUND2
4
1 2 0 
10 20 40 
FOUND!!!
FOUND1
3
1 0 
10 20 30 
FOUND!!!
CCC
FOUND0
3
1 0 1 
10 30 30 
FOUND!!!
CCC
FOUND2
3
2 0 0 
20 20 30 
FOUND!!!
AAA
FOUND2
3
2 0 1 
10 20 30 
FOUND!!!
CCC
FOUND3
4
2 0 2 0 
20 20 40 
FOUND!!!
AAA
FOUND3
4
2 0 2 1 
10 20 40 
FOUND!!!
CCC
FOUND2
4
2 0 2 1 
10 20 40 
FOUND!!!
FOUND1
3
2 0 1 
10 20 30 
FOUND!!!
AAA
FOUND2
3
2 1 0 
10 20 30 
FOUND!!!
AAA
FOUND3
4
2 1 0 
10 30 40 
FOUND!!!
AAA
FOUND2
4
2 1 0 
10 30 40 
FOUND!!!
FOUND3
4
2 1 2 0 
10 20 40 
FOUND!!!
AAA
FOUND4
5
2 1 2 0 
10 30 50 
FOUND!!!
AAA
FOUND3
5
2 1 2 0 
10 30 50 
FOUND!!!
FOUND2
4
2 1 2 0 
10 20 40 
FOUND!!!
FOUND1
3
2 1 0 
10 20 30 
FOUND!!!
CCC
FOUND3
4
2 2 0 0 
20 20 40 
FOUND!!!
AAA
FOUND3
4
2 2 0 1 
10 20 40 
FOUND!!!
CCC
FOUND2
4
2 2 0 1 
10 20 40 
FOUND!!!
AAA
FOUND3
4
2 2 1 0 
10 20 40 
FOUND!!!
AAA
FOUND4
5
2 2 1 1 0 
10 30 50 
FOUND!!!
AAA
FOUND3
5
2 2 1 1 0 
10 30 50 
FOUND!!!
FOUND2
4
2 2 1 0 
10 20 40 
FOUND!!!
CCC
FOUND4
5
2 2 2 0 0 
20 20 50 
FOUND!!!
AAA
FOUND4
5
2 2 2 0 1 
10 20 50 
FOUND!!!
CCC
FOUND3
5
2 2 2 0 1 
10 20 50 
FOUND!!!
AAA
FOUND4
5
2 2 2 1 0 
10 20 50 
FOUND!!!
AAA
FOUND5
6
2 2 2 1 1 0 
10 30 60 
FOUND!!!
AAA
FOUND4
6
2 2 2 1 1 0 
10 30 60 
FOUND!!!
FOUND3
5
2 2 2 1 0 
10 20 50 
FOUND!!!
CCC
FOUND2
5
2 2 2 0 1 
10 20 50 
FOUND!!!
FOUND1
4
2 2 0 1 
10 20 40 
FOUND!!!
FOUND0
3
2 0 1 
10 20 30 
FOUND!!!
CCC
3  VGEEE
